<?xml version="1.0" encoding="UTF-8"?>
<coverage generated="1579115998720" clover="3.2.0">
  <project timestamp="1579115998720" name="All files">
    <metrics statements="41" coveredstatements="28" conditionals="16" coveredconditionals="9" methods="11" coveredmethods="6" elements="68" coveredelements="43" complexity="0" loc="41" ncloc="41" packages="3" files="3" classes="3"/>
    <package name="calculator-mobile">
      <metrics statements="29" coveredstatements="19" conditionals="16" coveredconditionals="9" methods="4" coveredmethods="2"/>
      <file name="App.js" path="/Users/pedro-ramalho/pedro-ramalho-c13310444/UDEMY/curso-react-native/calculator-mobile/App.js">
        <metrics statements="29" coveredstatements="19" conditionals="16" coveredconditionals="9" methods="4" coveredmethods="2"/>
        <line num="19" count="1" type="stmt"/>
        <line num="29" count="8" type="stmt"/>
        <line num="31" count="8" type="stmt"/>
        <line num="34" count="5" type="cond" truecount="2" falsecount="0"/>
        <line num="36" count="5" type="cond" truecount="4" falsecount="0"/>
        <line num="38" count="1" type="stmt"/>
        <line num="42" count="4" type="cond" truecount="2" falsecount="0"/>
        <line num="44" count="4" type="stmt"/>
        <line num="45" count="4" type="stmt"/>
        <line num="47" count="4" type="stmt"/>
        <line num="52" count="4" type="cond" truecount="1" falsecount="1"/>
        <line num="54" count="4" type="stmt"/>
        <line num="55" count="4" type="stmt"/>
        <line num="57" count="4" type="stmt"/>
        <line num="59" count="4" type="stmt"/>
        <line num="63" count="8" type="stmt"/>
        <line num="65" count="0" type="stmt"/>
        <line num="69" count="8" type="stmt"/>
        <line num="71" count="0" type="cond" truecount="0" falsecount="2"/>
        <line num="72" count="0" type="stmt"/>
        <line num="75" count="0" type="stmt"/>
        <line num="77" count="0" type="stmt"/>
        <line num="79" count="0" type="stmt"/>
        <line num="80" count="0" type="stmt"/>
        <line num="82" count="0" type="stmt"/>
        <line num="85" count="0" type="stmt"/>
        <line num="87" count="0" type="stmt"/>
        <line num="98" count="3" type="stmt"/>
        <line num="128" count="1" type="stmt"/>
      </file>
    </package>
    <package name="calculator-mobile.src.components.button">
      <metrics statements="10" coveredstatements="7" conditionals="0" coveredconditionals="0" methods="6" coveredmethods="3"/>
      <file name="Button.js" path="/Users/pedro-ramalho/pedro-ramalho-c13310444/UDEMY/curso-react-native/calculator-mobile/src/components/button/Button.js">
        <metrics statements="10" coveredstatements="7" conditionals="0" coveredconditionals="0" methods="6" coveredmethods="3"/>
        <line num="4" count="1" type="stmt"/>
        <line num="7" count="29" type="stmt"/>
        <line num="8" count="0" type="stmt"/>
        <line num="15" count="1" type="stmt"/>
        <line num="17" count="3" type="stmt"/>
        <line num="18" count="0" type="stmt"/>
        <line num="23" count="1" type="stmt"/>
        <line num="25" count="9" type="stmt"/>
        <line num="26" count="0" type="stmt"/>
        <line num="32" count="1" type="stmt"/>
      </file>
    </package>
    <package name="calculator-mobile.src.components.display">
      <metrics statements="2" coveredstatements="2" conditionals="0" coveredconditionals="0" methods="1" coveredmethods="1"/>
      <file name="Display.js" path="/Users/pedro-ramalho/pedro-ramalho-c13310444/UDEMY/curso-react-native/calculator-mobile/src/components/display/Display.js">
        <metrics statements="2" coveredstatements="2" conditionals="0" coveredconditionals="0" methods="1" coveredmethods="1"/>
        <line num="8" count="3" type="stmt"/>
        <line num="18" count="1" type="stmt"/>
      </file>
    </package>
  </project>
</coverage>
