{"/Users/pedro-ramalho/pedro-ramalho-c13310444/UDEMY/curso-react-native/calculator-mobile/App.js": {"path":"/Users/pedro-ramalho/pedro-ramalho-c13310444/UDEMY/curso-react-native/calculator-mobile/App.js","statementMap":{"0":{"start":{"line":19,"column":21},"end":{"line":25,"column":1}},"1":{"start":{"line":29,"column":10},"end":{"line":29,"column":27}},"2":{"start":{"line":31,"column":13},"end":{"line":60,"column":3}},"3":{"start":{"line":34,"column":25},"end":{"line":34,"column":83}},"4":{"start":{"line":36,"column":4},"end":{"line":39,"column":5}},"5":{"start":{"line":38,"column":6},"end":{"line":38,"column":18}},"6":{"start":{"line":42,"column":25},"end":{"line":42,"column":68}},"7":{"start":{"line":44,"column":25},"end":{"line":44,"column":41}},"8":{"start":{"line":46,"column":4},"end":{"line":49,"column":7}},"9":{"start":{"line":51,"column":4},"end":{"line":59,"column":5}},"10":{"start":{"line":53,"column":23},"end":{"line":53,"column":47}},"11":{"start":{"line":54,"column":21},"end":{"line":54,"column":43}},"12":{"start":{"line":56,"column":6},"end":{"line":56,"column":44}},"13":{"start":{"line":58,"column":6},"end":{"line":58,"column":32}},"14":{"start":{"line":62,"column":16},"end":{"line":65,"column":3}},"15":{"start":{"line":64,"column":4},"end":{"line":64,"column":44}},"16":{"start":{"line":68,"column":17},"end":{"line":94,"column":3}},"17":{"start":{"line":70,"column":4},"end":{"line":93,"column":5}},"18":{"start":{"line":71,"column":6},"end":{"line":71,"column":67}},"19":{"start":{"line":74,"column":21},"end":{"line":74,"column":38}},"20":{"start":{"line":76,"column":21},"end":{"line":76,"column":43}},"21":{"start":{"line":78,"column":6},"end":{"line":82,"column":7}},"22":{"start":{"line":79,"column":8},"end":{"line":79,"column":78}},"23":{"start":{"line":81,"column":8},"end":{"line":81,"column":41}},"24":{"start":{"line":84,"column":6},"end":{"line":84,"column":20}},"25":{"start":{"line":86,"column":6},"end":{"line":92,"column":9}},"26":{"start":{"line":97,"column":4},"end":{"line":122,"column":6}},"27":{"start":{"line":127,"column":14},"end":{"line":136,"column":2}}},"fnMap":{"0":{"name":"(anonymous_0)","decl":{"start":{"line":31,"column":13},"end":{"line":31,"column":14}},"loc":{"start":{"line":31,"column":18},"end":{"line":60,"column":3}},"line":31},"1":{"name":"(anonymous_1)","decl":{"start":{"line":62,"column":16},"end":{"line":62,"column":17}},"loc":{"start":{"line":62,"column":22},"end":{"line":65,"column":3}},"line":62},"2":{"name":"(anonymous_2)","decl":{"start":{"line":68,"column":17},"end":{"line":68,"column":18}},"loc":{"start":{"line":68,"column":30},"end":{"line":94,"column":3}},"line":68},"3":{"name":"(anonymous_3)","decl":{"start":{"line":96,"column":2},"end":{"line":96,"column":3}},"loc":{"start":{"line":96,"column":11},"end":{"line":123,"column":3}},"line":96}},"branchMap":{"0":{"loc":{"start":{"line":34,"column":25},"end":{"line":34,"column":83}},"type":"binary-expr","locations":[{"start":{"line":34,"column":25},"end":{"line":34,"column":56}},{"start":{"line":34,"column":60},"end":{"line":34,"column":83}}],"line":34},"1":{"loc":{"start":{"line":36,"column":4},"end":{"line":39,"column":5}},"type":"if","locations":[{"start":{"line":36,"column":4},"end":{"line":39,"column":5}},{"start":{"line":36,"column":4},"end":{"line":39,"column":5}}],"line":36},"2":{"loc":{"start":{"line":36,"column":7},"end":{"line":36,"column":57}},"type":"binary-expr","locations":[{"start":{"line":36,"column":7},"end":{"line":36,"column":16}},{"start":{"line":36,"column":20},"end":{"line":36,"column":57}}],"line":36},"3":{"loc":{"start":{"line":42,"column":25},"end":{"line":42,"column":68}},"type":"cond-expr","locations":[{"start":{"line":42,"column":40},"end":{"line":42,"column":42}},{"start":{"line":42,"column":45},"end":{"line":42,"column":68}}],"line":42},"4":{"loc":{"start":{"line":51,"column":4},"end":{"line":59,"column":5}},"type":"if","locations":[{"start":{"line":51,"column":4},"end":{"line":59,"column":5}},{"start":{"line":51,"column":4},"end":{"line":59,"column":5}}],"line":51},"5":{"loc":{"start":{"line":70,"column":4},"end":{"line":93,"column":5}},"type":"if","locations":[{"start":{"line":70,"column":4},"end":{"line":93,"column":5}},{"start":{"line":70,"column":4},"end":{"line":93,"column":5}}],"line":70},"6":{"loc":{"start":{"line":88,"column":19},"end":{"line":88,"column":44}},"type":"cond-expr","locations":[{"start":{"line":88,"column":28},"end":{"line":88,"column":32}},{"start":{"line":88,"column":35},"end":{"line":88,"column":44}}],"line":88},"7":{"loc":{"start":{"line":89,"column":17},"end":{"line":89,"column":31}},"type":"cond-expr","locations":[{"start":{"line":89,"column":26},"end":{"line":89,"column":27}},{"start":{"line":89,"column":30},"end":{"line":89,"column":31}}],"line":89}},"s":{"0":1,"1":1,"2":1,"3":0,"4":0,"5":0,"6":0,"7":0,"8":0,"9":0,"10":0,"11":0,"12":0,"13":0,"14":1,"15":0,"16":1,"17":0,"18":0,"19":0,"20":0,"21":0,"22":0,"23":0,"24":0,"25":0,"26":1,"27":1},"f":{"0":0,"1":0,"2":0,"3":1},"b":{"0":[0,0],"1":[0,0],"2":[0,0],"3":[0,0],"4":[0,0],"5":[0,0],"6":[0,0],"7":[0,0]},"_coverageSchema":"43e27e138ebf9cfc5966b082cf9a028302ed4184","hash":"769621fad6ceaa5a4c093dd662ef621d530a240b"}
,"/Users/pedro-ramalho/pedro-ramalho-c13310444/UDEMY/curso-react-native/calculator-mobile/src/components/button/Button.js": {"path":"/Users/pedro-ramalho/pedro-ramalho-c13310444/UDEMY/curso-react-native/calculator-mobile/src/components/button/Button.js","statementMap":{"0":{"start":{"line":4,"column":22},"end":{"line":12,"column":1}},"1":{"start":{"line":7,"column":4},"end":{"line":11,"column":6}},"2":{"start":{"line":8,"column":43},"end":{"line":8,"column":69}},"3":{"start":{"line":15,"column":28},"end":{"line":22,"column":1}},"4":{"start":{"line":17,"column":4},"end":{"line":21,"column":6}},"5":{"start":{"line":18,"column":43},"end":{"line":18,"column":69}},"6":{"start":{"line":23,"column":32},"end":{"line":30,"column":1}},"7":{"start":{"line":25,"column":4},"end":{"line":29,"column":6}},"8":{"start":{"line":26,"column":43},"end":{"line":26,"column":69}},"9":{"start":{"line":32,"column":14},"end":{"line":71,"column":4}}},"fnMap":{"0":{"name":"(anonymous_0)","decl":{"start":{"line":4,"column":22},"end":{"line":4,"column":23}},"loc":{"start":{"line":4,"column":33},"end":{"line":12,"column":1}},"line":4},"1":{"name":"(anonymous_1)","decl":{"start":{"line":8,"column":37},"end":{"line":8,"column":38}},"loc":{"start":{"line":8,"column":43},"end":{"line":8,"column":69}},"line":8},"2":{"name":"(anonymous_2)","decl":{"start":{"line":15,"column":28},"end":{"line":15,"column":29}},"loc":{"start":{"line":15,"column":39},"end":{"line":22,"column":1}},"line":15},"3":{"name":"(anonymous_3)","decl":{"start":{"line":18,"column":37},"end":{"line":18,"column":38}},"loc":{"start":{"line":18,"column":43},"end":{"line":18,"column":69}},"line":18},"4":{"name":"(anonymous_4)","decl":{"start":{"line":23,"column":32},"end":{"line":23,"column":33}},"loc":{"start":{"line":23,"column":43},"end":{"line":30,"column":1}},"line":23},"5":{"name":"(anonymous_5)","decl":{"start":{"line":26,"column":37},"end":{"line":26,"column":38}},"loc":{"start":{"line":26,"column":43},"end":{"line":26,"column":69}},"line":26}},"branchMap":{},"s":{"0":1,"1":1,"2":0,"3":1,"4":1,"5":0,"6":1,"7":1,"8":0,"9":1},"f":{"0":1,"1":0,"2":1,"3":0,"4":1,"5":0},"b":{},"_coverageSchema":"43e27e138ebf9cfc5966b082cf9a028302ed4184","hash":"fef23f7144c0b14d54c44d07173221b68639ce03"}
,"/Users/pedro-ramalho/pedro-ramalho-c13310444/UDEMY/curso-react-native/calculator-mobile/src/components/display/Display.js": {"path":"/Users/pedro-ramalho/pedro-ramalho-c13310444/UDEMY/curso-react-native/calculator-mobile/src/components/display/Display.js","statementMap":{"0":{"start":{"line":8,"column":8},"end":{"line":14,"column":10}},"1":{"start":{"line":18,"column":14},"end":{"line":32,"column":2}}},"fnMap":{"0":{"name":"(anonymous_0)","decl":{"start":{"line":6,"column":4},"end":{"line":6,"column":5}},"loc":{"start":{"line":6,"column":13},"end":{"line":15,"column":5}},"line":6}},"branchMap":{},"s":{"0":0,"1":1},"f":{"0":0},"b":{},"_coverageSchema":"43e27e138ebf9cfc5966b082cf9a028302ed4184","hash":"5cea4bb268f2cbf9ef45ebf9ead0ed380ab7e5ca"}
}
