{"/Users/pedro-ramalho/pedro-ramalho-c13310444/UDEMY/curso-react-native/calculator-mobile/App.js": {"path":"/Users/pedro-ramalho/pedro-ramalho-c13310444/UDEMY/curso-react-native/calculator-mobile/App.js","statementMap":{"0":{"start":{"line":19,"column":21},"end":{"line":25,"column":1}},"1":{"start":{"line":29,"column":10},"end":{"line":29,"column":27}},"2":{"start":{"line":31,"column":13},"end":{"line":61,"column":3}},"3":{"start":{"line":34,"column":25},"end":{"line":34,"column":83}},"4":{"start":{"line":36,"column":4},"end":{"line":39,"column":5}},"5":{"start":{"line":38,"column":6},"end":{"line":38,"column":18}},"6":{"start":{"line":42,"column":25},"end":{"line":42,"column":68}},"7":{"start":{"line":44,"column":25},"end":{"line":44,"column":41}},"8":{"start":{"line":45,"column":4},"end":{"line":45,"column":29}},"9":{"start":{"line":47,"column":4},"end":{"line":50,"column":7}},"10":{"start":{"line":52,"column":4},"end":{"line":60,"column":5}},"11":{"start":{"line":54,"column":23},"end":{"line":54,"column":47}},"12":{"start":{"line":55,"column":21},"end":{"line":55,"column":43}},"13":{"start":{"line":57,"column":6},"end":{"line":57,"column":44}},"14":{"start":{"line":59,"column":6},"end":{"line":59,"column":32}},"15":{"start":{"line":63,"column":16},"end":{"line":66,"column":3}},"16":{"start":{"line":65,"column":4},"end":{"line":65,"column":44}},"17":{"start":{"line":69,"column":17},"end":{"line":95,"column":3}},"18":{"start":{"line":71,"column":4},"end":{"line":94,"column":5}},"19":{"start":{"line":72,"column":6},"end":{"line":72,"column":67}},"20":{"start":{"line":75,"column":21},"end":{"line":75,"column":38}},"21":{"start":{"line":77,"column":21},"end":{"line":77,"column":43}},"22":{"start":{"line":79,"column":6},"end":{"line":83,"column":7}},"23":{"start":{"line":80,"column":8},"end":{"line":80,"column":78}},"24":{"start":{"line":82,"column":8},"end":{"line":82,"column":41}},"25":{"start":{"line":85,"column":6},"end":{"line":85,"column":20}},"26":{"start":{"line":87,"column":6},"end":{"line":93,"column":9}},"27":{"start":{"line":98,"column":4},"end":{"line":123,"column":6}},"28":{"start":{"line":128,"column":14},"end":{"line":137,"column":2}}},"fnMap":{"0":{"name":"(anonymous_0)","decl":{"start":{"line":31,"column":13},"end":{"line":31,"column":14}},"loc":{"start":{"line":31,"column":18},"end":{"line":61,"column":3}},"line":31},"1":{"name":"(anonymous_1)","decl":{"start":{"line":63,"column":16},"end":{"line":63,"column":17}},"loc":{"start":{"line":63,"column":22},"end":{"line":66,"column":3}},"line":63},"2":{"name":"(anonymous_2)","decl":{"start":{"line":69,"column":17},"end":{"line":69,"column":18}},"loc":{"start":{"line":69,"column":30},"end":{"line":95,"column":3}},"line":69},"3":{"name":"(anonymous_3)","decl":{"start":{"line":97,"column":2},"end":{"line":97,"column":3}},"loc":{"start":{"line":97,"column":11},"end":{"line":124,"column":3}},"line":97}},"branchMap":{"0":{"loc":{"start":{"line":34,"column":25},"end":{"line":34,"column":83}},"type":"binary-expr","locations":[{"start":{"line":34,"column":25},"end":{"line":34,"column":56}},{"start":{"line":34,"column":60},"end":{"line":34,"column":83}}],"line":34},"1":{"loc":{"start":{"line":36,"column":4},"end":{"line":39,"column":5}},"type":"if","locations":[{"start":{"line":36,"column":4},"end":{"line":39,"column":5}},{"start":{"line":36,"column":4},"end":{"line":39,"column":5}}],"line":36},"2":{"loc":{"start":{"line":36,"column":7},"end":{"line":36,"column":57}},"type":"binary-expr","locations":[{"start":{"line":36,"column":7},"end":{"line":36,"column":16}},{"start":{"line":36,"column":20},"end":{"line":36,"column":57}}],"line":36},"3":{"loc":{"start":{"line":42,"column":25},"end":{"line":42,"column":68}},"type":"cond-expr","locations":[{"start":{"line":42,"column":40},"end":{"line":42,"column":42}},{"start":{"line":42,"column":45},"end":{"line":42,"column":68}}],"line":42},"4":{"loc":{"start":{"line":52,"column":4},"end":{"line":60,"column":5}},"type":"if","locations":[{"start":{"line":52,"column":4},"end":{"line":60,"column":5}},{"start":{"line":52,"column":4},"end":{"line":60,"column":5}}],"line":52},"5":{"loc":{"start":{"line":71,"column":4},"end":{"line":94,"column":5}},"type":"if","locations":[{"start":{"line":71,"column":4},"end":{"line":94,"column":5}},{"start":{"line":71,"column":4},"end":{"line":94,"column":5}}],"line":71},"6":{"loc":{"start":{"line":89,"column":19},"end":{"line":89,"column":44}},"type":"cond-expr","locations":[{"start":{"line":89,"column":28},"end":{"line":89,"column":32}},{"start":{"line":89,"column":35},"end":{"line":89,"column":44}}],"line":89},"7":{"loc":{"start":{"line":90,"column":17},"end":{"line":90,"column":31}},"type":"cond-expr","locations":[{"start":{"line":90,"column":26},"end":{"line":90,"column":27}},{"start":{"line":90,"column":30},"end":{"line":90,"column":31}}],"line":90}},"s":{"0":1,"1":8,"2":8,"3":5,"4":5,"5":1,"6":4,"7":4,"8":4,"9":4,"10":4,"11":4,"12":4,"13":4,"14":4,"15":8,"16":0,"17":8,"18":0,"19":0,"20":0,"21":0,"22":0,"23":0,"24":0,"25":0,"26":0,"27":3,"28":1},"f":{"0":5,"1":0,"2":0,"3":3},"b":{"0":[5,3],"1":[1,4],"2":[5,1],"3":[3,1],"4":[4,0],"5":[0,0],"6":[0,0],"7":[0,0]},"_coverageSchema":"43e27e138ebf9cfc5966b082cf9a028302ed4184","hash":"dc9388d0456eb2e99329f483f3fb747f04c15b5d"}
,"/Users/pedro-ramalho/pedro-ramalho-c13310444/UDEMY/curso-react-native/calculator-mobile/src/components/button/Button.js": {"path":"/Users/pedro-ramalho/pedro-ramalho-c13310444/UDEMY/curso-react-native/calculator-mobile/src/components/button/Button.js","statementMap":{"0":{"start":{"line":4,"column":22},"end":{"line":12,"column":1}},"1":{"start":{"line":7,"column":4},"end":{"line":11,"column":6}},"2":{"start":{"line":8,"column":43},"end":{"line":8,"column":69}},"3":{"start":{"line":15,"column":28},"end":{"line":22,"column":1}},"4":{"start":{"line":17,"column":4},"end":{"line":21,"column":6}},"5":{"start":{"line":18,"column":43},"end":{"line":18,"column":69}},"6":{"start":{"line":23,"column":32},"end":{"line":30,"column":1}},"7":{"start":{"line":25,"column":4},"end":{"line":29,"column":6}},"8":{"start":{"line":26,"column":43},"end":{"line":26,"column":69}},"9":{"start":{"line":32,"column":14},"end":{"line":71,"column":4}}},"fnMap":{"0":{"name":"(anonymous_0)","decl":{"start":{"line":4,"column":22},"end":{"line":4,"column":23}},"loc":{"start":{"line":4,"column":33},"end":{"line":12,"column":1}},"line":4},"1":{"name":"(anonymous_1)","decl":{"start":{"line":8,"column":37},"end":{"line":8,"column":38}},"loc":{"start":{"line":8,"column":43},"end":{"line":8,"column":69}},"line":8},"2":{"name":"(anonymous_2)","decl":{"start":{"line":15,"column":28},"end":{"line":15,"column":29}},"loc":{"start":{"line":15,"column":39},"end":{"line":22,"column":1}},"line":15},"3":{"name":"(anonymous_3)","decl":{"start":{"line":18,"column":37},"end":{"line":18,"column":38}},"loc":{"start":{"line":18,"column":43},"end":{"line":18,"column":69}},"line":18},"4":{"name":"(anonymous_4)","decl":{"start":{"line":23,"column":32},"end":{"line":23,"column":33}},"loc":{"start":{"line":23,"column":43},"end":{"line":30,"column":1}},"line":23},"5":{"name":"(anonymous_5)","decl":{"start":{"line":26,"column":37},"end":{"line":26,"column":38}},"loc":{"start":{"line":26,"column":43},"end":{"line":26,"column":69}},"line":26}},"branchMap":{},"s":{"0":1,"1":29,"2":0,"3":1,"4":3,"5":0,"6":1,"7":9,"8":0,"9":1},"f":{"0":29,"1":0,"2":3,"3":0,"4":9,"5":0},"b":{},"_coverageSchema":"43e27e138ebf9cfc5966b082cf9a028302ed4184","hash":"fef23f7144c0b14d54c44d07173221b68639ce03"}
,"/Users/pedro-ramalho/pedro-ramalho-c13310444/UDEMY/curso-react-native/calculator-mobile/src/components/display/Display.js": {"path":"/Users/pedro-ramalho/pedro-ramalho-c13310444/UDEMY/curso-react-native/calculator-mobile/src/components/display/Display.js","statementMap":{"0":{"start":{"line":8,"column":8},"end":{"line":14,"column":10}},"1":{"start":{"line":18,"column":14},"end":{"line":32,"column":2}}},"fnMap":{"0":{"name":"(anonymous_0)","decl":{"start":{"line":6,"column":4},"end":{"line":6,"column":5}},"loc":{"start":{"line":6,"column":13},"end":{"line":15,"column":5}},"line":6}},"branchMap":{},"s":{"0":3,"1":1},"f":{"0":3},"b":{},"_coverageSchema":"43e27e138ebf9cfc5966b082cf9a028302ed4184","hash":"5cea4bb268f2cbf9ef45ebf9ead0ed380ab7e5ca"}
}
