TN:
SF:/Users/pedro-ramalho/pedro-ramalho-c13310444/UDEMY/curso-react-native/calculator-mobile/App.js
FN:31,(anonymous_0)
FN:63,(anonymous_1)
FN:69,(anonymous_2)
FN:97,(anonymous_3)
FNF:4
FNH:2
FNDA:5,(anonymous_0)
FNDA:0,(anonymous_1)
FNDA:0,(anonymous_2)
FNDA:3,(anonymous_3)
DA:19,1
DA:29,8
DA:31,8
DA:34,5
DA:36,5
DA:38,1
DA:42,4
DA:44,4
DA:45,4
DA:47,4
DA:52,4
DA:54,4
DA:55,4
DA:57,4
DA:59,4
DA:63,8
DA:65,0
DA:69,8
DA:71,0
DA:72,0
DA:75,0
DA:77,0
DA:79,0
DA:80,0
DA:82,0
DA:85,0
DA:87,0
DA:98,3
DA:128,1
LF:29
LH:19
BRDA:34,0,0,5
BRDA:34,0,1,3
BRDA:36,1,0,1
BRDA:36,1,1,4
BRDA:36,2,0,5
BRDA:36,2,1,1
BRDA:42,3,0,3
BRDA:42,3,1,1
BRDA:52,4,0,4
BRDA:52,4,1,0
BRDA:71,5,0,0
BRDA:71,5,1,0
BRDA:89,6,0,0
BRDA:89,6,1,0
BRDA:90,7,0,0
BRDA:90,7,1,0
BRF:16
BRH:9
end_of_record
TN:
SF:/Users/pedro-ramalho/pedro-ramalho-c13310444/UDEMY/curso-react-native/calculator-mobile/src/components/button/Button.js
FN:4,(anonymous_0)
FN:8,(anonymous_1)
FN:15,(anonymous_2)
FN:18,(anonymous_3)
FN:23,(anonymous_4)
FN:26,(anonymous_5)
FNF:6
FNH:3
FNDA:29,(anonymous_0)
FNDA:0,(anonymous_1)
FNDA:3,(anonymous_2)
FNDA:0,(anonymous_3)
FNDA:9,(anonymous_4)
FNDA:0,(anonymous_5)
DA:4,1
DA:7,29
DA:8,0
DA:15,1
DA:17,3
DA:18,0
DA:23,1
DA:25,9
DA:26,0
DA:32,1
LF:10
LH:7
BRF:0
BRH:0
end_of_record
TN:
SF:/Users/pedro-ramalho/pedro-ramalho-c13310444/UDEMY/curso-react-native/calculator-mobile/src/components/display/Display.js
FN:6,(anonymous_0)
FNF:1
FNH:1
FNDA:3,(anonymous_0)
DA:8,3
DA:18,1
LF:2
LH:2
BRF:0
BRH:0
end_of_record
