TN:
SF:/Users/pedro-ramalho/pedro-ramalho-c13310444/UDEMY/curso-react-native/calculator-mobile/App.js
FN:31,(anonymous_0)
FN:62,(anonymous_1)
FN:68,(anonymous_2)
FN:96,(anonymous_3)
FNF:4
FNH:1
FNDA:0,(anonymous_0)
FNDA:0,(anonymous_1)
FNDA:0,(anonymous_2)
FNDA:1,(anonymous_3)
DA:19,1
DA:29,1
DA:31,1
DA:34,0
DA:36,0
DA:38,0
DA:42,0
DA:44,0
DA:46,0
DA:51,0
DA:53,0
DA:54,0
DA:56,0
DA:58,0
DA:62,1
DA:64,0
DA:68,1
DA:70,0
DA:71,0
DA:74,0
DA:76,0
DA:78,0
DA:79,0
DA:81,0
DA:84,0
DA:86,0
DA:97,1
DA:127,1
LF:28
LH:7
BRDA:34,0,0,0
BRDA:34,0,1,0
BRDA:36,1,0,0
BRDA:36,1,1,0
BRDA:36,2,0,0
BRDA:36,2,1,0
BRDA:42,3,0,0
BRDA:42,3,1,0
BRDA:51,4,0,0
BRDA:51,4,1,0
BRDA:70,5,0,0
BRDA:70,5,1,0
BRDA:88,6,0,0
BRDA:88,6,1,0
BRDA:89,7,0,0
BRDA:89,7,1,0
BRF:16
BRH:0
end_of_record
TN:
SF:/Users/pedro-ramalho/pedro-ramalho-c13310444/UDEMY/curso-react-native/calculator-mobile/src/components/button/Button.js
FN:4,(anonymous_0)
FN:8,(anonymous_1)
FN:15,(anonymous_2)
FN:18,(anonymous_3)
FN:23,(anonymous_4)
FN:26,(anonymous_5)
FNF:6
FNH:3
FNDA:1,(anonymous_0)
FNDA:0,(anonymous_1)
FNDA:1,(anonymous_2)
FNDA:0,(anonymous_3)
FNDA:1,(anonymous_4)
FNDA:0,(anonymous_5)
DA:4,1
DA:7,1
DA:8,0
DA:15,1
DA:17,1
DA:18,0
DA:23,1
DA:25,1
DA:26,0
DA:32,1
LF:10
LH:7
BRF:0
BRH:0
end_of_record
TN:
SF:/Users/pedro-ramalho/pedro-ramalho-c13310444/UDEMY/curso-react-native/calculator-mobile/src/components/display/Display.js
FN:6,(anonymous_0)
FNF:1
FNH:0
FNDA:0,(anonymous_0)
DA:8,0
DA:18,1
LF:2
LH:1
BRF:0
BRH:0
end_of_record
